[ INFO ] [2016-05-29 23:21:25] com.basic.dom4j.Dom4jTest [15] - test
[ INFO ] [2016-05-29 23:26:15] com.basic.dom4j.Dom4jTest [15] - test123
[ INFO ] [2016-05-29 23:36:53] com.basic.dom4j.Dom4jTest [32] - 01
[ INFO ] [2016-05-29 23:36:53] com.basic.dom4j.Dom4jTest [35] - 节点名: id 节点值: 01
[ INFO ] [2016-05-29 23:36:53] com.basic.dom4j.Dom4jTest [32] - 02
[ INFO ] [2016-05-29 23:36:53] com.basic.dom4j.Dom4jTest [35] - 节点名: id 节点值: 02
[ INFO ] [2016-05-29 23:39:56] com.basic.dom4j.Dom4jTest [32] - 01
[ INFO ] [2016-05-29 23:39:56] com.basic.dom4j.Dom4jTest [35] - 节点名: id 节点值: 01
[ INFO ] [2016-05-29 23:39:56] com.basic.dom4j.Dom4jTest [41] - 节点名: book 节点值: 
        Spark核心技术详解
        向海
        2015.10.02
        ￥98
        中文
    
[ INFO ] [2016-05-29 23:40:21] com.basic.dom4j.Dom4jTest [32] - 01
[ INFO ] [2016-05-29 23:40:21] com.basic.dom4j.Dom4jTest [35] - 节点名: id 节点值: 01
[ INFO ] [2016-05-29 23:40:21] com.basic.dom4j.Dom4jTest [41] - 节点名: name 节点值: 大数据Spark实战
[ INFO ] [2016-05-29 23:40:21] com.basic.dom4j.Dom4jTest [41] - 节点名: author 节点值: 王佳琳
[ INFO ] [2016-05-29 23:40:21] com.basic.dom4j.Dom4jTest [41] - 节点名: year 节点值: 1995.10.02
[ INFO ] [2016-05-29 23:40:21] com.basic.dom4j.Dom4jTest [41] - 节点名: price 节点值: ￥89
[ INFO ] [2016-05-29 23:40:21] com.basic.dom4j.Dom4jTest [32] - 02
[ INFO ] [2016-05-29 23:40:21] com.basic.dom4j.Dom4jTest [35] - 节点名: id 节点值: 02
[ INFO ] [2016-05-29 23:40:21] com.basic.dom4j.Dom4jTest [41] - 节点名: name 节点值: Spark核心技术详解
[ INFO ] [2016-05-29 23:40:21] com.basic.dom4j.Dom4jTest [41] - 节点名: author 节点值: 向海
[ INFO ] [2016-05-29 23:40:21] com.basic.dom4j.Dom4jTest [41] - 节点名: year 节点值: 2015.10.02
[ INFO ] [2016-05-29 23:40:21] com.basic.dom4j.Dom4jTest [41] - 节点名: price 节点值: ￥98
[ INFO ] [2016-05-29 23:40:21] com.basic.dom4j.Dom4jTest [41] - 节点名: language 节点值: 中文
[ INFO ] [2016-05-29 23:41:29] com.basic.dom4j.Dom4jTest [32] - 01
[ INFO ] [2016-05-29 23:41:29] com.basic.dom4j.Dom4jTest [35] - 节点名: id 节点值: 01
[ INFO ] [2016-05-29 23:41:29] com.basic.dom4j.Dom4jTest [42] - 王佳琳
[ INFO ] [2016-05-29 23:41:29] com.basic.dom4j.Dom4jTest [32] - 02
[ INFO ] [2016-05-29 23:41:29] com.basic.dom4j.Dom4jTest [35] - 节点名: id 节点值: 02
[ INFO ] [2016-05-29 23:41:29] com.basic.dom4j.Dom4jTest [42] - 向海
